[     855ms] [ERROR] Access to script at 'https://c.salesforce.com/digital/@sfdc-www-emu/page-builder-miaw-ui/v1-stable/page-builder-miaw-ui.js' from origin 'https://help.salesforce.com' has been blocked by CORS policy: Permission was denied for this request to access the `local` address space. @ https://help.salesforce.com/s/articleView?id=sales.sales_agent_sdr_ethical_guidance.htm&language=en_US&type=5:0
[     855ms] [ERROR] Failed to load resource: net::ERR_FAILED @ https://c.salesforce.com/digital/@sfdc-www-emu/page-builder-miaw-ui/v1-stable/page-builder-miaw-ui.js:0
[     855ms] [ERROR] Access to script at 'https://c.salesforce.com/digital/@sfdc-www-emu/page-builder-miaw-ui/v1-stable/af-input-and-prompts.js' from origin 'https://help.salesforce.com' has been blocked by CORS policy: Permission was denied for this request to access the `local` address space. @ https://help.salesforce.com/s/articleView?id=sales.sales_agent_sdr_ethical_guidance.htm&language=en_US&type=5:0
[     855ms] [ERROR] Failed to load resource: net::ERR_FAILED @ https://c.salesforce.com/digital/@sfdc-www-emu/page-builder-miaw-ui/v1-stable/af-input-and-prompts.js:0
[     862ms] [ERROR] Failed to load script: page-builder-miaw-ui Event @ https://help.salesforce.com/sfsites/c/resource/HC_AsaMfe/asaMfeLoadScript.js?cacheBuster=19:55
[     862ms] [ERROR] Failed to load script: af-input-and-prompts Event @ https://help.salesforce.com/sfsites/c/resource/HC_AsaMfe/asaMfeLoadScript.js?cacheBuster=19:55
[     862ms] Error: Unhandled Promise Rejection: Failed to load page-builder-miaw-ui
    at script.onerror (https://help.salesforce.com/sfsites/c/resource/HC_AsaMfe/asaMfeLoadScript.js?cacheBuster=19:68:20)
[     862ms] Error: Unhandled Promise Rejection: Failed to load af-input-and-prompts
    at script.onerror (https://help.salesforce.com/sfsites/c/resource/HC_AsaMfe/asaMfeLoadScript.js?cacheBuster=19:68:20)
[     975ms] [WARNING] Failed to create durable storage for cache inclusion policy @ https://help.salesforce.com/components/force/ldsEngineCreator.js:208
[     975ms] [WARNING] ComponentProfiler: Component-level profiling has not been enabled. @ https://help.salesforce.com/components/instrumentation/componentProfiler.js:0
[     985ms] [LOG] %cO11Y%c Error color:white;background-color:#FF6600;font-weight:bold color:white;background-color:Crimson {name: Error, message: Unsupported WebVital metrics: [2], stack: Error: Unsupported WebVital metrics: [2]
    at q.…rcU92bkExNC4xOTIuODM4ODYwOA/aura_prod.js:432:183)} {timestamp: 1782958669658.4001, rootId: undefined, sequence: 1, schemaSequence: 1, loggerName: WebVitals} @ https://help.salesforce.com/components/o11y/client.js:0
[    1015ms] [ERROR] MFE script loading failed: SecureDOMEvent: [object Event]{ key: {"namespace":"c"} } @ https://help.salesforce.com/s/modules/c/hcAsaAgentManager.js:0
[    1017ms] [ERROR] MFE script loading failed: SecureDOMEvent: [object Event]{ key: {"namespace":"c"} } @ https://help.salesforce.com/s/modules/c/hcAsaAgentManager.js:0
[    1314ms] [ERROR] Refused to get unsafe header "X-OneTrust-IsBot" @ https://a.sfdcstatic.com/digital/one-trust/core/stable/scripttemplates/otSDKStub.js:1
[    1389ms] [INFO] Client created tr @ https://help.salesforce.com/s/modules/c/optimizelyService.js:0
[    1390ms] [INFO] readyResult undefined @ https://help.salesforce.com/s/modules/c/optimizelyService.js:0
[    2497ms] [ERROR] MFE script loading failed: SecureDOMEvent: [object Event]{ key: {"namespace":"c"} } @ https://help.salesforce.com/s/modules/c/hcAsaAgentManager.js:0
[    2539ms] [ERROR] Connecting to 'https://cookies-data.onetrust.io/cfw/cmp/v1/session' violates the following Content Security Policy directive: "connect-src 'self' https://www.paypal.com https://www.sandbox.paypal.com https://orgcs.my.salesforce-scrt.com https://fonts.googleapis.com/css2 https://payments.salesforce.com/ https://cdn.content.aws-dev2-uswest2.aws.sfdc.cl/ https://checkoutshopper-live.adyen.com/ https://checkoutshopper-test.adyen.com/ https://js.stripe.com/ https://www.google.com/recaptcha/ https://*.api.salesforce.com https://o11y.sfproxy-core1.sfdc-mra0g0.svc.sfdcfc.net/ui-telemetry https://pdx-col.eum-appdynamics.com https://*.coveo.com https://stats.g.doubleclick.net https://*.vidyard.com https://res.cloudinary.com https://help.salesforce.com https://org62--c.na128.content.force.com https://orgcs.my.salesforce.com http://orgcs--c.na128.content.force.com https://trailhead-web.s3.amazonaws.com https://privacyportal.onetrust.com https://fonts.gstatic.com https://fonts.googleapis.com https://trailblazer.me https://developer.salesforce.com https://help-legacy.salesforce.com https://*.sprig.com https://api.status.salesforce.com https://*.amazonaws.com https://orch-nginx-prod.herokuapp.com https://trust.pardot.com https://bam.nr-data.net https://www.salesforce.com https://geolocation.onetrust.com https://overview.help.salesforce.com https://hooks.slack.com https://api.segment.io https://js-agent.newrelic.com https://wp.sfdcdigital.com https://a.sfdcstatic.com https://c1.sfdcstatic.com https://wp.salesforce.com https://pds.help.salesforce.com https://*.tableau.com *.digital.salesforce.com https://trailblazerid.force.com https://cdn.cookielaw.org https://org62.file.force.com https://proactive-monitoring.salesforce.com https://*.googletagmanager.com https://googletagmanager.com https://orgcs.my.site.com https://prod-uswest-c.online.tableau.com https://api.eu.pagerduty.com https://api.pagerduty.com https://google-analytics.com https://*.google-analytics.com https://*.analytics.google.com https://cdn.optimizely.com https://logx.optimizely.com https://org62salesforce.org.coveo.com https://org62salesforce.analytics.org.coveo.com https://c.salesforce.com https://api.lightningdesignsystem.com orch-nginx-prod.herokuapp.com https://papi-case-management-pd-v1.bt-customer-success.api.sfdcbt.net wss://*.livekit.cloud https://*.livekit.cloud https://papi-case-management-pd-v1-5t9hll.lekjv5.usa-w2.cloudhub.io https://demo.arcade.software https://app.arcade.software". The action has been blocked. @ https://help.salesforce.com/s/articleView?id=sales.sales_agent_sdr_ethical_guidance.htm&language=en_US&type=5:46
[    2539ms] [ERROR] Fetch API cannot load https://cookies-data.onetrust.io/cfw/cmp/v1/session. Refused to connect because it violates the document's Content Security Policy. @ https://help.salesforce.com/s/articleView?id=sales.sales_agent_sdr_ethical_guidance.htm&language=en_US&type=5:46
[    2543ms] [LOG] %cO11Y%c Error color:white;background-color:#FF6600;font-weight:bold color:white;background-color:Crimson {name: TypeError, message: Failed to fetch, stack: TypeError: Failed to fetch
    at e.<computed> (ht…ripttemplates/202604.1.0/otBannerSdk.js:7:541166), activityId: 672f8a3323e0e209} {timestamp: 1782958671216.8, rootId: d5aab46e39a78110, sequence: 21, schemaSequence: 2, loggerName: Network} @ https://help.salesforce.com/components/o11y/client.js:0
[    2543ms] [WARNING] [OT Session Tracking] Failed to call session endpoint: TypeError: Failed to fetch
    at e.<computed> (https://help.salesforce.com/s/articleView?id=sales.sales_agent_sdr_ethical_guidance.htm&language=en_US&type=5:47:36604)
    at g._global.fetch (https://help.salesforce.com/components/o11y/client.js:1:14533)
    at ua.<anonymous> (https://a.sfdcstatic.com/digital/one-trust/core/stable/scripttemplates/202604.1.0/otBannerSdk.js:7:541546)
    at Object.next (https://a.sfdcstatic.com/digital/one-trust/core/stable/scripttemplates/202604.1.0/otBannerSdk.js:7:1977)
    at https://a.sfdcstatic.com/digital/one-trust/core/stable/scripttemplates/202604.1.0/otBannerSdk.js:7:947
    at nrWrapper (https://help.salesforce.com/s/articleView?id=sales.sales_agent_sdr_ethical_guidance.htm&language=en_US&type=5:47:35560)
    at new Promise (<anonymous>)
    at new Promise (https://help.salesforce.com/s/articleView?id=sales.sales_agent_sdr_ethical_guidance.htm&language=en_US&type=5:47:39829)
    at F (https://a.sfdcstatic.com/digital/one-trust/core/stable/scripttemplates/202604.1.0/otBannerSdk.js:7:698)
    at ua.callSessionEndpoint (https://a.sfdcstatic.com/digital/one-trust/core/stable/scripttemplates/202604.1.0/otBannerSdk.js:7:541166) @ https://a.sfdcstatic.com/digital/one-trust/core/stable/scripttemplates/202604.1.0/otBannerSdk.js:6
[    2553ms] [ERROR] Access to fetch at 'https://wp.sfdcdigital.com/en-us/wp-json/c360/experience/v2/navigation' from origin 'https://help.salesforce.com' has been blocked by CORS policy: Permission was denied for this request to access the `local` address space. @ https://help.salesforce.com/s/articleView?id=sales.sales_agent_sdr_ethical_guidance.htm&type=5:0
[    2553ms] [ERROR] Failed to load resource: net::ERR_FAILED @ https://wp.sfdcdigital.com/en-us/wp-json/c360/experience/v2/navigation:0
[    2553ms] [LOG] %cO11Y%c Error color:white;background-color:#FF6600;font-weight:bold color:white;background-color:Crimson {name: TypeError, message: Failed to fetch, stack: TypeError: Failed to fetch
    at e.<computed> (ht…ical_guidance.htm&language=en_US&type=5:47:35560), activityId: d353bde4849ecc90} {timestamp: 1782958671226.8, rootId: d5aab46e39a78110, sequence: 23, schemaSequence: 3, loggerName: Network} @ https://help.salesforce.com/components/o11y/client.js:0
[    2553ms] [ERROR] API error TypeError: Failed to fetch
    at e.<computed> (https://help.salesforce.com/s/articleView?id=sales.sales_agent_sdr_ethical_guidance.htm&language=en_US&type=5:47:36604)
    at g._global.fetch (https://help.salesforce.com/components/o11y/client.js:1:14533)
    at Hp.getNavData (https://a.sfdcstatic.com/digital/xsf/components/v1-stable/navs-fonts-ec.js:1:383214)
    at Hp.update (https://a.sfdcstatic.com/digital/xsf/components/v1-stable/navs-fonts-ec.js:1:382988)
    at https://a.sfdcstatic.com/digital/xsf/components/v1-stable/navs-fonts-ec.js:1:25150
    at Qn (https://a.sfdcstatic.com/digital/xsf/components/v1-stable/navs-fonts-ec.js:1:52680)
    at https://a.sfdcstatic.com/digital/xsf/components/v1-stable/navs-fonts-ec.js:1:25134
    at i (https://a.sfdcstatic.com/digital/xsf/components/v1-stable/navs-fonts-ec.js:1:25071)
    at nrWrapper (https://help.salesforce.com/s/articleView?id=sales.sales_agent_sdr_ethical_guidance.htm&language=en_US&type=5:47:35560) @ https://a.sfdcstatic.com/digital/xsf/components/v1-stable/navs-fonts-ec.js:0
[    2557ms] [ERROR] Access to script at 'https://www.google-analytics.com/analytics.js' from origin 'https://help.salesforce.com' has been blocked by CORS policy: Permission was denied for this request to access the `local` address space. @ https://help.salesforce.com/s/articleView?id=sales.sales_agent_sdr_ethical_guidance.htm&type=5:0
[    2557ms] [ERROR] Failed to load resource: net::ERR_FAILED @ https://www.google-analytics.com/analytics.js:0
[    2752ms] [ERROR] Access to fetch at 'https://iis.digital.salesforce.com/services/api/user' from origin 'https://help.salesforce.com' has been blocked by CORS policy: Permission was denied for this request to access the `local` address space. @ https://help.salesforce.com/s/articleView?id=sales.sales_agent_sdr_ethical_guidance.htm&type=5:0
[    2752ms] [ERROR] Failed to load resource: net::ERR_FAILED @ https://iis.digital.salesforce.com/services/api/user:0
[    2752ms] [LOG] %cO11Y%c Error color:white;background-color:#FF6600;font-weight:bold color:white;background-color:Crimson {name: TypeError, message: Failed to fetch, stack: TypeError: Failed to fetch
    at e.<computed> (ht…/iis/v1-latest/authProviderEmbeddedLogin.js:931:3, activityId: 4b022c92b75b664a} {timestamp: 1782958671426.1, rootId: d5aab46e39a78110, sequence: 38, schemaSequence: 4, loggerName: Network} @ https://help.salesforce.com/components/o11y/client.js:0
[    3240ms] [LOG] menuItemsData :::  [Object, Object, Object, Object] @ https://help.salesforce.com/s/modules/c/hcContextNav.js:0
[    3338ms] [LOG] menuItemsData :::  [Object, Object, Object, Object] @ https://help.salesforce.com/s/modules/c/hcContextNav.js:0
[    4880ms] [LOG] {InstrumentationResult :  ( RECEIVED = 6 , SUCCESS -> UE = 1 , SUCCESS -> LOG = 6 , Topic = AILTN )  , TelemetryResponse : ( AsyncResults )O11yInstrumentationResult : O11y Logs successfully processed by instrumentation-processing: Object} @ https://help.salesforce.com/libraries/instrumentation/beaconLib.BeaconLibrary.js:43
[    5397ms] [LOG] {InstrumentationResult :  (  )  , TelemetryResponse : ( AsyncResults )O11yInstrumentationResult : O11y Logs successfully processed by instrumentation-processing: Object} @ https://help.salesforce.com/libraries/instrumentation/beaconLib.BeaconLibrary.js:43
[    8578ms] [ERROR] Access to fetch at 'https://www.google-analytics.com/g/collect?v=2&tid=G-JV6GD3XZK9&gtm=45je66u1h1v867838943z8832740544za20gzb832740544zd832740544&_p=1782958669520&gcs=G111&gcd=13t3t3t3t5l1&npa=0&dma=0&gdid=dYWJhMj&_eu=EAAAAAQ&are=1&cid=169257932.1782958337&frm=0&ir=1&pscdl=noapi&rcb=16&sr=1710x1107&uaa=arm&uab=64&uafvl=Google%2520Chrome%3B149.0.7827.156%7CChromium%3B149.0.7827.156%7CNot)A%253BBrand%3B24.0.0.0&uam=&uamb=0&uap=macOS&uapv=26.5.1&uaw=0&ul=en-us&tag_exp=115616986~115938465~115938468~118395335~119027224~119576881~119576885~119576891~119576895&dr=&dp=%2Fs%2FarticleView&sid=1782958335&sct=1&seg=1&dl=https%3A%2F%2Fhelp.salesforce.com%2Fs%2FarticleView%3Fid%3Dsales.sales_agent_sdr_ethical_guidance.htm%26type%3D5&dt=Salesforce%20Help%20%7C%20Article&_tu=CA&_s=1&tfd=8563' from origin 'https://help.salesforce.com' has been blocked by CORS policy: Permission was denied for this request to access the `local` address space. @ https://help.salesforce.com/s/articleView?id=sales.sales_agent_sdr_ethical_guidance.htm&type=5:0
[    8578ms] [ERROR] Failed to load resource: net::ERR_FAILED @ https://www.google-analytics.com/g/collect?v=2&tid=G-JV6GD3XZK9&gtm=45je66u1h1v867838943z8832740544za20gzb832740544zd832740544&_p=1782958669520&gcs=G111&gcd=13t3t3t3t5l1&npa=0&dma=0&gdid=dYWJhMj&_eu=EAAAAAQ&are=1&cid=169257932.1782958337&frm=0&ir=1&pscdl=noapi&rcb=16&sr=1710x1107&uaa=arm&uab=64&uafvl=Google%2520Chrome%3B149.0.7827.156%7CChromium%3B149.0.7827.156%7CNot)A%253BBrand%3B24.0.0.0&uam=&uamb=0&uap=macOS&uapv=26.5.1&uaw=0&ul=en-us&tag_exp=115616986~115938465~115938468~118395335~119027224~119576881~119576885~119576891~119576895&dr=&dp=%2Fs%2FarticleView&sid=1782958335&sct=1&seg=1&dl=https%3A%2F%2Fhelp.salesforce.com%2Fs%2FarticleView%3Fid%3Dsales.sales_agent_sdr_ethical_guidance.htm%26type%3D5&dt=Salesforce%20Help%20%7C%20Article&_tu=CA&_s=1&tfd=8563:0
[    8578ms] [LOG] %cO11Y%c Error color:white;background-color:#FF6600;font-weight:bold color:white;background-color:Crimson {name: TypeError, message: Failed to fetch, stack: TypeError: Failed to fetch
    at e.<computed> (ht…ical_guidance.htm&language=en_US&type=5:47:35560), activityId: 49efd4277c2c51ee} {timestamp: 1782958677252, rootId: undefined, sequence: 70, schemaSequence: 5, loggerName: Network} @ https://help.salesforce.com/components/o11y/client.js:0
[    8579ms] [ERROR] Connecting to 'https://www.google.com/g/collect?v=2&tid=G-JV6GD3XZK9&gtm=45je66u1h1v867838943z8832740544za20gzb832740544zd832740544&_p=1782958669520&gcs=G111&gcd=13t3t3t3t5l1&npa=0&dma=0&gdid=dYWJhMj&_eu=EAAAAAQ&are=1&cid=169257932.1782958337&frm=0&ir=1&pscdl=noapi&rcb=16&sr=1710x1107&uaa=arm&uab=64&uafvl=Google%2520Chrome%3B149.0.7827.156%7CChromium%3B149.0.7827.156%7CNot%29A%253BBrand%3B24.0.0.0&uam=&uamb=0&uap=macOS&uapv=26.5.1&uaw=0&ul=en-us&tag_exp=115616986%7E115938465%7E115938468%7E118395335%7E119027224%7E119576881%7E119576885%7E119576891%7E119576895&dr=&dp=%2Fs%2FarticleView&sid=1782958335&sct=1&seg=1&dl=https%3A%2F%2Fhelp.salesforce.com%2Fs%2FarticleView%3Fid%3Dsales.sales_agent_sdr_ethical_guidance.htm%26type%3D5&dt=Salesforce+Help+%7C+Article&_tu=CA&_s=1&tfd=8563&gaf=1' violates the following Content Security Policy directive: "connect-src 'self' https://www.paypal.com https://www.sandbox.paypal.com https://orgcs.my.salesforce-scrt.com https://fonts.googleapis.com/css2 https://payments.salesforce.com/ https://cdn.content.aws-dev2-uswest2.aws.sfdc.cl/ https://checkoutshopper-live.adyen.com/ https://checkoutshopper-test.adyen.com/ https://js.stripe.com/ https://www.google.com/recaptcha/ https://*.api.salesforce.com https://o11y.sfproxy-core1.sfdc-mra0g0.svc.sfdcfc.net/ui-telemetry https://pdx-col.eum-appdynamics.com https://*.coveo.com https://stats.g.doubleclick.net https://*.vidyard.com https://res.cloudinary.com https://help.salesforce.com https://org62--c.na128.content.force.com https://orgcs.my.salesforce.com http://orgcs--c.na128.content.force.com https://trailhead-web.s3.amazonaws.com https://privacyportal.onetrust.com https://fonts.gstatic.com https://fonts.googleapis.com https://trailblazer.me https://developer.salesforce.com https://help-legacy.salesforce.com https://*.sprig.com https://api.status.salesforce.com https://*.amazonaws.com https://orch-nginx-prod.herokuapp.com https://trust.pardot.com https://bam.nr-data.net https://www.salesforce.com https://geolocation.onetrust.com https://overview.help.salesforce.com https://hooks.slack.com https://api.segment.io https://js-agent.newrelic.com https://wp.sfdcdigital.com https://a.sfdcstatic.com https://c1.sfdcstatic.com https://wp.salesforce.com https://pds.help.salesforce.com https://*.tableau.com *.digital.salesforce.com https://trailblazerid.force.com https://cdn.cookielaw.org https://org62.file.force.com https://proactive-monitoring.salesforce.com https://*.googletagmanager.com https://googletagmanager.com https://orgcs.my.site.com https://prod-uswest-c.online.tableau.com https://api.eu.pagerduty.com https://api.pagerduty.com https://google-analytics.com https://*.google-analytics.com https://*.analytics.google.com https://cdn.optimizely.com https://logx.optimizely.com https://org62salesforce.org.coveo.com https://org62salesforce.analytics.org.coveo.com https://c.salesforce.com https://api.lightningdesignsystem.com orch-nginx-prod.herokuapp.com https://papi-case-management-pd-v1.bt-customer-success.api.sfdcbt.net wss://*.livekit.cloud https://*.livekit.cloud https://papi-case-management-pd-v1-5t9hll.lekjv5.usa-w2.cloudhub.io https://demo.arcade.software https://app.arcade.software". The action has been blocked. @ https://help.salesforce.com/s/articleView?id=sales.sales_agent_sdr_ethical_guidance.htm&language=en_US&type=5:46
[    8579ms] [ERROR] Fetch API cannot load https://www.google.com/g/collect?v=2&tid=G-JV6GD3XZK9&gtm=45je66u1h1v867838943z8832740544za20gzb832740544zd832740544&_p=1782958669520&gcs=G111&gcd=13t3t3t3t5l1&npa=0&dma=0&gdid=dYWJhMj&_eu=EAAAAAQ&are=1&cid=169257932.1782958337&frm=0&ir=1&pscdl=noapi&rcb=16&sr=1710x1107&uaa=arm&uab=64&uafvl=Google%2520Chrome%3B149.0.7827.156%7CChromium%3B149.0.7827.156%7CNot%29A%253BBrand%3B24.0.0.0&uam=&uamb=0&uap=macOS&uapv=26.5.1&uaw=0&ul=en-us&tag_exp=115616986%7E115938465%7E115938468%7E118395335%7E119027224%7E119576881%7E119576885%7E119576891%7E119576895&dr=&dp=%2Fs%2FarticleView&sid=1782958335&sct=1&seg=1&dl=https%3A%2F%2Fhelp.salesforce.com%2Fs%2FarticleView%3Fid%3Dsales.sales_agent_sdr_ethical_guidance.htm%26type%3D5&dt=Salesforce+Help+%7C+Article&_tu=CA&_s=1&tfd=8563&gaf=1. Refused to connect because it violates the document's Content Security Policy. @ https://help.salesforce.com/s/articleView?id=sales.sales_agent_sdr_ethical_guidance.htm&language=en_US&type=5:46
[    8579ms] [LOG] %cO11Y%c Error color:white;background-color:#FF6600;font-weight:bold color:white;background-color:Crimson {name: TypeError, message: Failed to fetch, stack: TypeError: Failed to fetch
    at e.<computed> (ht…ical_guidance.htm&language=en_US&type=5:47:35560), activityId: 5073cdad8534f038} {timestamp: 1782958677252.7, rootId: undefined, sequence: 71, schemaSequence: 6, loggerName: Network} @ https://help.salesforce.com/components/o11y/client.js:0
